<?xml version="1.0" encoding="UTF-8"?>
<coverage generated="1718146554412" clover="3.2.0">
  <project timestamp="1718146554412" name="All files">
    <metrics statements="26" coveredstatements="24" conditionals="5" coveredconditionals="4" methods="2" coveredmethods="2" elements="33" coveredelements="30" complexity="0" loc="26" ncloc="26" packages="2" files="2" classes="2"/>
    <package name="plugins">
      <metrics statements="11" coveredstatements="11" conditionals="2" coveredconditionals="2" methods="1" coveredmethods="1"/>
      <file name="http-client.plugins.ts" path="E:\anime_center\api\src\plugins\http-client.plugins.ts">
        <metrics statements="11" coveredstatements="11" conditionals="2" coveredconditionals="2" methods="1" coveredmethods="1"/>
        <line num="1" count="1" type="stmt"/>
        <line num="2" count="1" type="stmt"/>
        <line num="3" count="1" type="stmt"/>
        <line num="4" count="1" type="cond" truecount="2" falsecount="0"/>
        <line num="5" count="3" type="stmt"/>
        <line num="6" count="3" type="stmt"/>
        <line num="7" count="3" type="stmt"/>
        <line num="8" count="3" type="stmt"/>
        <line num="9" count="1" type="stmt"/>
        <line num="10" count="1" type="stmt"/>
        <line num="11" count="1" type="stmt"/>
      </file>
    </package>
    <package name="services">
      <metrics statements="15" coveredstatements="13" conditionals="3" coveredconditionals="2" methods="1" coveredmethods="1"/>
      <file name="index.ts" path="E:\anime_center\api\src\services\index.ts">
        <metrics statements="15" coveredstatements="13" conditionals="3" coveredconditionals="2" methods="1" coveredmethods="1"/>
        <line num="1" count="1" type="stmt"/>
        <line num="2" count="1" type="stmt"/>
        <line num="3" count="1" type="stmt"/>
        <line num="4" count="1" type="cond" truecount="2" falsecount="0"/>
        <line num="5" count="3" type="stmt"/>
        <line num="6" count="3" type="stmt"/>
        <line num="7" count="3" type="stmt"/>
        <line num="8" count="3" type="stmt"/>
        <line num="9" count="3" type="stmt"/>
        <line num="10" count="3" type="cond" truecount="0" falsecount="1"/>
        <line num="11" count="0" type="stmt"/>
        <line num="12" count="0" type="stmt"/>
        <line num="13" count="3" type="stmt"/>
        <line num="14" count="1" type="stmt"/>
        <line num="15" count="1" type="stmt"/>
      </file>
    </package>
  </project>
</coverage>
