{"E:\\anime_center\\api\\src\\plugins\\http-client.plugins.ts": {"path":"E:\\anime_center\\api\\src\\plugins\\http-client.plugins.ts","all":false,"statementMap":{"0":{"start":{"line":1,"column":0},"end":{"line":1,"column":24}},"1":{"start":{"line":2,"column":0},"end":{"line":2,"column":31}},"2":{"start":{"line":3,"column":0},"end":{"line":3,"column":38}},"3":{"start":{"line":4,"column":0},"end":{"line":4,"column":43}},"4":{"start":{"line":5,"column":0},"end":{"line":5,"column":16}},"5":{"start":{"line":6,"column":0},"end":{"line":6,"column":4}},"6":{"start":{"line":7,"column":0},"end":{"line":7,"column":2}},"7":{"start":{"line":8,"column":0},"end":{"line":8,"column":0}},"8":{"start":{"line":9,"column":0},"end":{"line":9,"column":26}}},"s":{"0":1,"1":1,"2":2,"3":2,"4":2,"5":2,"6":1,"7":1,"8":1},"branchMap":{"0":{"type":"branch","line":2,"loc":{"start":{"line":2,"column":7},"end":{"line":6,"column":4}},"locations":[{"start":{"line":2,"column":7},"end":{"line":6,"column":4}}]},"1":{"type":"branch","line":2,"loc":{"start":{"line":2,"column":29},"end":{"line":6,"column":3}},"locations":[{"start":{"line":2,"column":29},"end":{"line":6,"column":3}}]}},"b":{"0":[2],"1":[2]},"fnMap":{"0":{"name":"get","decl":{"start":{"line":2,"column":7},"end":{"line":6,"column":4}},"loc":{"start":{"line":2,"column":7},"end":{"line":6,"column":4}},"line":2}},"f":{"0":2}}
,"E:\\anime_center\\api\\src\\services\\index.ts": {"path":"E:\\anime_center\\api\\src\\services\\index.ts","all":false,"statementMap":{"0":{"start":{"line":1,"column":0},"end":{"line":1,"column":42}},"1":{"start":{"line":2,"column":0},"end":{"line":2,"column":64}},"2":{"start":{"line":3,"column":0},"end":{"line":3,"column":0}},"3":{"start":{"line":4,"column":0},"end":{"line":4,"column":62}},"4":{"start":{"line":5,"column":0},"end":{"line":5,"column":7}},"5":{"start":{"line":6,"column":0},"end":{"line":6,"column":54}},"6":{"start":{"line":7,"column":0},"end":{"line":7,"column":50}},"7":{"start":{"line":8,"column":0},"end":{"line":8,"column":6}},"8":{"start":{"line":9,"column":0},"end":{"line":9,"column":16}},"9":{"start":{"line":10,"column":0},"end":{"line":10,"column":19}},"10":{"start":{"line":11,"column":0},"end":{"line":11,"column":17}},"11":{"start":{"line":12,"column":0},"end":{"line":12,"column":3}},"12":{"start":{"line":13,"column":0},"end":{"line":13,"column":2}},"13":{"start":{"line":14,"column":0},"end":{"line":14,"column":0}},"14":{"start":{"line":15,"column":0},"end":{"line":15,"column":21}}},"s":{"0":1,"1":1,"2":1,"3":1,"4":2,"5":2,"6":2,"7":2,"8":2,"9":2,"10":0,"11":0,"12":2,"13":1,"14":1},"branchMap":{"0":{"type":"branch","line":4,"loc":{"start":{"line":4,"column":18},"end":{"line":13,"column":2}},"locations":[{"start":{"line":4,"column":18},"end":{"line":13,"column":2}}]},"1":{"type":"branch","line":4,"loc":{"start":{"line":4,"column":60},"end":{"line":13,"column":2}},"locations":[{"start":{"line":4,"column":60},"end":{"line":13,"column":2}}]},"2":{"type":"branch","line":10,"loc":{"start":{"line":10,"column":4},"end":{"line":12,"column":3}},"locations":[{"start":{"line":10,"column":4},"end":{"line":12,"column":3}}]}},"b":{"0":[2],"1":[2],"2":[0]},"fnMap":{"0":{"name":"dataActor","decl":{"start":{"line":4,"column":18},"end":{"line":13,"column":2}},"loc":{"start":{"line":4,"column":18},"end":{"line":13,"column":2}},"line":4}},"f":{"0":2}}
}
